[环境变量] 首次加载环境变量
使用代理配置: http://127.0.0.1:7890
==============================================
任务处理器已启动，版本: 1.2.0 (优化版)
启动时间: 2025-04-03T03:56:23.950Z
==============================================
- 轮询间隔: 5000ms
- 最大并发任务数: 3
- 最大重试次数: 3
- 任务超时时间: 10分钟
- 处理超时时间: 15分钟
- 任务最大生命周期: 30分钟
- Supabase URL: https://wcjctczyzibrswwngmvd.supabase.co
- 当前时间: 2025-04-03T03:56:23.952Z
==============================================
[2025-04-03T03:56:23.953Z] 查询待处理任务...
找到 0 个待处理任务，当前处理中任务数: 0
[2025-04-03T03:56:30.370Z] 查询待处理任务...
找到 0 个待处理任务，当前处理中任务数: 0
[2025-04-03T03:56:37.190Z] 查询待处理任务...
找到 0 个待处理任务，当前处理中任务数: 0
[2025-04-03T03:56:44.379Z] 查询待处理任务...
找到 0 个待处理任务，当前处理中任务数: 0
[2025-04-03T03:56:51.368Z] 查询待处理任务...
找到 0 个待处理任务，当前处理中任务数: 0
[2025-04-03T03:57:00.135Z] 查询待处理任务...
找到 0 个待处理任务，当前处理中任务数: 0
[2025-04-03T03:57:07.311Z] 查询待处理任务...
找到 0 个待处理任务，当前处理中任务数: 0
[2025-04-03T03:57:14.188Z] 查询待处理任务...
找到 0 个待处理任务，当前处理中任务数: 0
[2025-04-03T03:57:21.004Z] 查询待处理任务...
找到 0 个待处理任务，当前处理中任务数: 0
[2025-04-03T03:57:29.597Z] 查询待处理任务...
找到 0 个待处理任务，当前处理中任务数: 0
[2025-04-03T03:57:36.154Z] 查询待处理任务...
找到 0 个待处理任务，当前处理中任务数: 0
[2025-04-03T03:57:43.750Z] 查询待处理任务...
找到 0 个待处理任务，当前处理中任务数: 0
[2025-04-03T03:57:50.473Z] 查询待处理任务...
找到 0 个待处理任务，当前处理中任务数: 0
[2025-04-03T03:57:57.954Z] 查询待处理任务...
找到 0 个待处理任务，当前处理中任务数: 0
[2025-04-03T03:58:05.238Z] 查询待处理任务...
找到 0 个待处理任务，当前处理中任务数: 0
